<?xml version="1.0" encoding="UTF-8"?>
<!-- Generated by org.testng.reporters.JUnitXMLReporter -->
<testsuite ignored="0" hostname="SRIMAHALAKSHMI" failures="0" tests="3" name="Default test" time="0.051" errors="0" timestamp="2024-07-24T11:20:01 EDT">
  <testcase classname="TestNGTraining.Annotation" name="Automation3" time="0.005"/>
  <testcase classname="TestNGTraining.Annotation" name="Automation2" time="0.001"/>
  <testcase classname="TestNGTraining.Annotation" name="Automation1" time="0.001"/>
</testsuite> <!-- Default test -->
