<?xml version="1.0" encoding="UTF-8"?>
<testng-results ignored="0" total="3" passed="3" failed="0" skipped="0">
  <reporter-output>
  </reporter-output>
  <suite started-at="2024-07-24T11:20:01 EDT" name="Default suite" finished-at="2024-07-24T11:20:01 EDT" duration-ms="51">
    <groups>
    </groups>
    <test started-at="2024-07-24T11:20:01 EDT" name="Default test" finished-at="2024-07-24T11:20:01 EDT" duration-ms="51">
      <class name="TestNGTraining.Annotation">
        <test-method is-config="true" signature="beforesuite()[pri:0, instance:TestNGTraining.Annotation@6356695f]" started-at="2024-07-24T11:20:00 EDT" name="beforesuite" finished-at="2024-07-24T11:20:01 EDT" duration-ms="4" status="PASS">
          <reporter-output>
          </reporter-output>
        </test-method> <!-- beforesuite -->
        <test-method is-config="true" signature="beforetest()[pri:0, instance:TestNGTraining.Annotation@6356695f]" started-at="2024-07-24T11:20:01 EDT" name="beforetest" finished-at="2024-07-24T11:20:01 EDT" duration-ms="1" status="PASS">
          <reporter-output>
          </reporter-output>
        </test-method> <!-- beforetest -->
        <test-method is-config="true" signature="beforemethod()[pri:0, instance:TestNGTraining.Annotation@6356695f]" started-at="2024-07-24T11:20:01 EDT" name="beforemethod" finished-at="2024-07-24T11:20:01 EDT" duration-ms="1" status="PASS">
          <reporter-output>
          </reporter-output>
        </test-method> <!-- beforemethod -->
        <test-method signature="Automation3()[pri:0, instance:TestNGTraining.Annotation@6356695f]" started-at="2024-07-24T11:20:01 EDT" name="Automation3" finished-at="2024-07-24T11:20:01 EDT" duration-ms="5" status="PASS">
          <reporter-output>
          </reporter-output>
        </test-method> <!-- Automation3 -->
        <test-method is-config="true" signature="aftermethod()[pri:0, instance:TestNGTraining.Annotation@6356695f]" started-at="2024-07-24T11:20:01 EDT" name="aftermethod" finished-at="2024-07-24T11:20:01 EDT" duration-ms="0" status="PASS">
          <reporter-output>
          </reporter-output>
        </test-method> <!-- aftermethod -->
        <test-method signature="Automation2()[pri:1, instance:TestNGTraining.Annotation@6356695f]" started-at="2024-07-24T11:20:01 EDT" name="Automation2" finished-at="2024-07-24T11:20:01 EDT" duration-ms="1" status="PASS">
          <reporter-output>
          </reporter-output>
        </test-method> <!-- Automation2 -->
        <test-method is-config="true" signature="beforemethod()[pri:0, instance:TestNGTraining.Annotation@6356695f]" started-at="2024-07-24T11:20:01 EDT" name="beforemethod" finished-at="2024-07-24T11:20:01 EDT" duration-ms="0" status="PASS">
          <reporter-output>
          </reporter-output>
        </test-method> <!-- beforemethod -->
        <test-method is-config="true" signature="aftermethod()[pri:0, instance:TestNGTraining.Annotation@6356695f]" started-at="2024-07-24T11:20:01 EDT" name="aftermethod" finished-at="2024-07-24T11:20:01 EDT" duration-ms="0" status="PASS">
          <reporter-output>
          </reporter-output>
        </test-method> <!-- aftermethod -->
        <test-method signature="Automation1()[pri:2, instance:TestNGTraining.Annotation@6356695f]" started-at="2024-07-24T11:20:01 EDT" name="Automation1" finished-at="2024-07-24T11:20:01 EDT" duration-ms="1" status="PASS">
          <reporter-output>
          </reporter-output>
        </test-method> <!-- Automation1 -->
        <test-method is-config="true" signature="beforemethod()[pri:0, instance:TestNGTraining.Annotation@6356695f]" started-at="2024-07-24T11:20:01 EDT" name="beforemethod" finished-at="2024-07-24T11:20:01 EDT" duration-ms="0" status="PASS">
          <reporter-output>
          </reporter-output>
        </test-method> <!-- beforemethod -->
        <test-method is-config="true" signature="aftermethod()[pri:0, instance:TestNGTraining.Annotation@6356695f]" started-at="2024-07-24T11:20:01 EDT" name="aftermethod" finished-at="2024-07-24T11:20:01 EDT" duration-ms="0" status="PASS">
          <reporter-output>
          </reporter-output>
        </test-method> <!-- aftermethod -->
        <test-method is-config="true" signature="aftertest()[pri:0, instance:TestNGTraining.Annotation@6356695f]" started-at="2024-07-24T11:20:01 EDT" name="aftertest" finished-at="2024-07-24T11:20:01 EDT" duration-ms="1" status="PASS">
          <reporter-output>
          </reporter-output>
        </test-method> <!-- aftertest -->
        <test-method is-config="true" signature="aftersuite()[pri:0, instance:TestNGTraining.Annotation@6356695f]" started-at="2024-07-24T11:20:01 EDT" name="aftersuite" finished-at="2024-07-24T11:20:01 EDT" duration-ms="0" status="PASS">
          <reporter-output>
          </reporter-output>
        </test-method> <!-- aftersuite -->
      </class> <!-- TestNGTraining.Annotation -->
    </test> <!-- Default test -->
  </suite> <!-- Default suite -->
</testng-results>
